#
# There is insufficient memory for the Java Runtime Environment to continue.
# Native memory allocation (malloc) failed to allocate 32744 bytes for ChunkPool::allocate
# Possible reasons:
#   The system is out of physical RAM or swap space
#   In 32 bit mode, the process size limit was hit
# Possible solutions:
#   Reduce memory load on the system
#   Increase physical memory or swap space
#   Check if swap backing store is full
#   Use 64 bit Java on a 64 bit OS
#   Decrease Java heap size (-Xmx/-Xms)
#   Decrease number of Java threads
#   Decrease Java thread stack sizes (-Xss)
#   Set larger code cache with -XX:ReservedCodeCacheSize=
# This output file may be truncated or incomplete.
#
#  Out of Memory Error (allocation.cpp:273), pid=5512, tid=7100
#
# JRE version: Java(TM) SE Runtime Environment (8.0_25-b18) (build 1.8.0_25-b18)
# Java VM: Java HotSpot(TM) 64-Bit Server VM (25.25-b02 mixed mode windows-amd64 compressed oops)
# Failed to write core dump. Minidumps are not enabled by default on client versions of Windows
#

---------------  T H R E A D  ---------------

Current thread (0x0000000017514800):  JavaThread "C1 CompilerThread3" daemon [_thread_in_native, id=7100, stack(0x0000000017de0000,0x0000000017ee0000)]

Stack: [0x0000000017de0000,0x0000000017ee0000]
Native frames: (J=compiled Java code, j=interpreted, Vv=VM code, C=native code)
V  [jvm.dll+0x31667a]


Current CompileTask:
C1:  14230  797   !   3       java.awt.DefaultKeyboardFocusManager::dispatchEvent (1589 bytes)


---------------  P R O C E S S  ---------------

Java Threads: ( => current thread )
  0x000000001a79b000 JavaThread "D3D Screen Updater" daemon [_thread_blocked, id=1676, stack(0x000000001a160000,0x000000001a260000)]
  0x0000000002a00800 JavaThread "DestroyJavaVM" [_thread_blocked, id=6456, stack(0x0000000002800000,0x0000000002900000)]
  0x000000001a9be800 JavaThread "AWT-EventQueue-0" [_thread_in_native, id=2572, stack(0x0000000019f60000,0x000000001a060000)]
  0x000000001787a000 JavaThread "AWT-Shutdown" [_thread_blocked, id=4536, stack(0x00000000187d0000,0x00000000188d0000)]
  0x000000001787b000 JavaThread "AWT-Windows" daemon [_thread_in_native, id=2544, stack(0x00000000188d0000,0x00000000189d0000)]
  0x0000000017877000 JavaThread "Java2D Disposer" daemon [_thread_blocked, id=6156, stack(0x00000000186d0000,0x00000000187d0000)]
  0x0000000017585800 JavaThread "Service Thread" daemon [_thread_blocked, id=6112, stack(0x0000000017ee0000,0x0000000017fe0000)]
=>0x0000000017514800 JavaThread "C1 CompilerThread3" daemon [_thread_in_native, id=7100, stack(0x0000000017de0000,0x0000000017ee0000)]
  0x0000000017513800 JavaThread "C2 CompilerThread2" daemon [_thread_blocked, id=6616, stack(0x0000000017ce0000,0x0000000017de0000)]
  0x000000001750d800 JavaThread "C2 CompilerThread1" daemon [_thread_blocked, id=1028, stack(0x0000000017be0000,0x0000000017ce0000)]
  0x0000000017507800 JavaThread "C2 CompilerThread0" daemon [_thread_in_native, id=5496, stack(0x0000000017ae0000,0x0000000017be0000)]
  0x0000000017503800 JavaThread "Attach Listener" daemon [_thread_blocked, id=792, stack(0x00000000179e0000,0x0000000017ae0000)]
  0x000000001552e000 JavaThread "Signal Dispatcher" daemon [_thread_blocked, id=7108, stack(0x00000000178e0000,0x00000000179e0000)]
  0x0000000002af5000 JavaThread "Finalizer" daemon [_thread_blocked, id=5020, stack(0x00000000173e0000,0x00000000174e0000)]
  0x0000000002aee000 JavaThread "Reference Handler" daemon [_thread_blocked, id=3768, stack(0x00000000172e0000,0x00000000173e0000)]

Other Threads:
  0x0000000015519000 VMThread [stack: 0x00000000171e0000,0x00000000172e0000] [id=6600]
  0x000000001759b000 WatcherThread [stack: 0x0000000017fe0000,0x00000000180e0000] [id=824]

VM state:not at safepoint (normal execution)

VM Mutex/Monitor currently owned by a thread: None

Heap:
 PSYoungGen      total 265216K, used 24073K [0x00000000eb400000, 0x00000000fba00000, 0x0000000100000000)
  eden space 262144K, 9% used [0x00000000eb400000,0x00000000ecb1b5b0,0x00000000fb400000)
  from space 3072K, 13% used [0x00000000fb700000,0x00000000fb767010,0x00000000fba00000)
  to   space 3072K, 0% used [0x00000000fb400000,0x00000000fb400000,0x00000000fb700000)
 ParOldGen       total 44032K, used 1846K [0x00000000c1c00000, 0x00000000c4700000, 0x00000000eb400000)
  object space 44032K, 4% used [0x00000000c1c00000,0x00000000c1dcd980,0x00000000c4700000)
 Metaspace       used 9130K, capacity 9234K, committed 9344K, reserved 1056768K
  class space    used 1095K, capacity 1123K, committed 1152K, reserved 1048576K

Card table byte_map: [0x0000000011ec0000,0x00000000120c0000] byte_map_base: 0x00000000118b2000

Marking Bits: (ParMarkBitMap*) 0x000000005e05d490
 Begin Bits: [0x0000000012a10000, 0x00000000139a0000)
 End Bits:   [0x00000000139a0000, 0x0000000014930000)

Polling page: 0x0000000000ec0000

CodeCache: size=245760Kb used=2834Kb max_used=2845Kb free=242925Kb
 bounds [0x0000000002b00000, 0x0000000002dd0000, 0x0000000011b00000]
 total_blobs=1261 nmethods=796 adapters=379
 compilation: enabled

Compilation events (10 events):
Event: 13.964 Thread 0x0000000017507800 nmethod 792 0x0000000002dc6990 code [0x0000000002dc6ac0, 0x0000000002dc6b78]
Event: 13.995 Thread 0x0000000017514800  793       3       java.awt.Window::dispatchEventImpl (23 bytes)
Event: 13.996 Thread 0x0000000017513800  794       4       java.awt.Component::getParent (5 bytes)
Event: 13.996 Thread 0x0000000017513800 nmethod 794 0x0000000002d49890 code [0x0000000002d499c0, 0x0000000002d49a18]
Event: 13.996 Thread 0x0000000017514800 nmethod 793 0x0000000002dc5850 code [0x0000000002dc5a00, 0x0000000002dc6158]
Event: 14.014 Thread 0x0000000017514800  795   !   3       sun.awt.image.SurfaceManager::getManager (47 bytes)
Event: 14.015 Thread 0x0000000017514800 nmethod 795 0x0000000002dc4e50 code [0x0000000002dc5000, 0x0000000002dc55b8]
Event: 14.116 Thread 0x0000000017514800  797   !   3       java.awt.DefaultKeyboardFocusManager::dispatchEvent (1589 bytes)
Event: 14.127 Thread 0x000000001750d800  802       4       sun.java2d.SunGraphics2D::invalidatePipe (41 bytes)
Event: 14.128 Thread 0x000000001750d800 nmethod 802 0x0000000002dc8410 code [0x0000000002dc8540, 0x0000000002dc85d8]

GC Heap History (10 events):
Event: 0.428 GC heap before
{Heap before GC invocations=4 (full 0):
 PSYoungGen      total 35328K, used 34807K [0x00000000eb400000, 0x00000000ef900000, 0x0000000100000000)
  eden space 32768K, 100% used [0x00000000eb400000,0x00000000ed400000,0x00000000ed400000)
  from space 2560K, 79% used [0x00000000ed400000,0x00000000ed5fddb0,0x00000000ed680000)
  to   space 2560K, 0% used [0x00000000ef680000,0x00000000ef680000,0x00000000ef900000)
 ParOldGen       total 44032K, used 8K [0x00000000c1c00000, 0x00000000c4700000, 0x00000000eb400000)
  object space 44032K, 0% used [0x00000000c1c00000,0x00000000c1c02000,0x00000000c4700000)
 Metaspace       used 7043K, capacity 7168K, committed 7296K, reserved 1056768K
  class space    used 832K, capacity 864K, committed 896K, reserved 1048576K
Event: 0.432 GC heap after
Heap after GC invocations=4 (full 0):
 PSYoungGen      total 68096K, used 2207K [0x00000000eb400000, 0x00000000ef900000, 0x0000000100000000)
  eden space 65536K, 0% used [0x00000000eb400000,0x00000000eb400000,0x00000000ef400000)
  from space 2560K, 86% used [0x00000000ef680000,0x00000000ef8a7de0,0x00000000ef900000)
  to   space 2560K, 0% used [0x00000000ef400000,0x00000000ef400000,0x00000000ef680000)
 ParOldGen       total 44032K, used 16K [0x00000000c1c00000, 0x00000000c4700000, 0x00000000eb400000)
  object space 44032K, 0% used [0x00000000c1c00000,0x00000000c1c04000,0x00000000c4700000)
 Metaspace       used 7043K, capacity 7168K, committed 7296K, reserved 1056768K
  class space    used 832K, capacity 864K, committed 896K, reserved 1048576K
}
Event: 0.543 GC heap before
{Heap before GC invocations=5 (full 0):
 PSYoungGen      total 68096K, used 67743K [0x00000000eb400000, 0x00000000ef900000, 0x0000000100000000)
  eden space 65536K, 100% used [0x00000000eb400000,0x00000000ef400000,0x00000000ef400000)
  from space 2560K, 86% used [0x00000000ef680000,0x00000000ef8a7de0,0x00000000ef900000)
  to   space 2560K, 0% used [0x00000000ef400000,0x00000000ef400000,0x00000000ef680000)
 ParOldGen       total 44032K, used 16K [0x00000000c1c00000, 0x00000000c4700000, 0x00000000eb400000)
  object space 44032K, 0% used [0x00000000c1c00000,0x00000000c1c04000,0x00000000c4700000)
 Metaspace       used 7044K, capacity 7168K, committed 7296K, reserved 1056768K
  class space    used 832K, capacity 864K, committed 896K, reserved 1048576K
Event: 0.547 GC heap after
Heap after GC invocations=5 (full 0):
 PSYoungGen      total 68096K, used 1846K [0x00000000eb400000, 0x00000000f3900000, 0x0000000100000000)
  eden space 65536K, 0% used [0x00000000eb400000,0x00000000eb400000,0x00000000ef400000)
  from space 2560K, 72% used [0x00000000ef400000,0x00000000ef5cd930,0x00000000ef680000)
  to   space 2560K, 0% used [0x00000000f3680000,0x00000000f3680000,0x00000000f3900000)
 ParOldGen       total 44032K, used 16K [0x00000000c1c00000, 0x00000000c4700000, 0x00000000eb400000)
  object space 44032K, 0% used [0x00000000c1c00000,0x00000000c1c04000,0x00000000c4700000)
 Metaspace       used 7044K, capacity 7168K, committed 7296K, reserved 1056768K
  class space    used 832K, capacity 864K, committed 896K, reserved 1048576K
}
Event: 0.597 GC heap before
{Heap before GC invocations=6 (full 0):
 PSYoungGen      total 68096K, used 67382K [0x00000000eb400000, 0x00000000f3900000, 0x0000000100000000)
  eden space 65536K, 100% used [0x00000000eb400000,0x00000000ef400000,0x00000000ef400000)
  from space 2560K, 72% used [0x00000000ef400000,0x00000000ef5cd930,0x00000000ef680000)
  to   space 2560K, 0% used [0x00000000f3680000,0x00000000f3680000,0x00000000f3900000)
 ParOldGen       total 44032K, used 16K [0x00000000c1c00000, 0x00000000c4700000, 0x00000000eb400000)
  object space 44032K, 0% used [0x00000000c1c00000,0x00000000c1c04000,0x00000000c4700000)
 Metaspace       used 7044K, capacity 7168K, committed 7296K, reserved 1056768K
  class space    used 832K, capacity 864K, committed 896K, reserved 1048576K
Event: 0.602 GC heap after
Heap after GC invocations=6 (full 0):
 PSYoungGen      total 133632K, used 1745K [0x00000000eb400000, 0x00000000f3900000, 0x0000000100000000)
  eden space 131072K, 0% used [0x00000000eb400000,0x00000000eb400000,0x00000000f3400000)
  from space 2560K, 68% used [0x00000000f3680000,0x00000000f38344c0,0x00000000f3900000)
  to   space 2560K, 0% used [0x00000000f3400000,0x00000000f3400000,0x00000000f3680000)
 ParOldGen       total 44032K, used 24K [0x00000000c1c00000, 0x00000000c4700000, 0x00000000eb400000)
  object space 44032K, 0% used [0x00000000c1c00000,0x00000000c1c06000,0x00000000c4700000)
 Metaspace       used 7044K, capacity 7168K, committed 7296K, reserved 1056768K
  class space    used 832K, capacity 864K, committed 896K, reserved 1048576K
}
Event: 0.807 GC heap before
{Heap before GC invocations=7 (full 0):
 PSYoungGen      total 133632K, used 132817K [0x00000000eb400000, 0x00000000f3900000, 0x0000000100000000)
  eden space 131072K, 100% used [0x00000000eb400000,0x00000000f3400000,0x00000000f3400000)
  from space 2560K, 68% used [0x00000000f3680000,0x00000000f38344c0,0x00000000f3900000)
  to   space 2560K, 0% used [0x00000000f3400000,0x00000000f3400000,0x00000000f3680000)
 ParOldGen       total 44032K, used 24K [0x00000000c1c00000, 0x00000000c4700000, 0x00000000eb400000)
  object space 44032K, 0% used [0x00000000c1c00000,0x00000000c1c06000,0x00000000c4700000)
 Metaspace       used 7056K, capacity 7168K, committed 7296K, reserved 1056768K
  class space    used 832K, capacity 864K, committed 896K, reserved 1048576K
Event: 2.313 GC heap after
Heap after GC invocations=7 (full 0):
 PSYoungGen      total 133632K, used 620K [0x00000000eb400000, 0x00000000fba00000, 0x0000000100000000)
  eden space 131072K, 0% used [0x00000000eb400000,0x00000000eb400000,0x00000000f3400000)
  from space 2560K, 24% used [0x00000000f3400000,0x00000000f349b050,0x00000000f3680000)
  to   space 3072K, 0% used [0x00000000fb700000,0x00000000fb700000,0x00000000fba00000)
 ParOldGen       total 44032K, used 1674K [0x00000000c1c00000, 0x00000000c4700000, 0x00000000eb400000)
  object space 44032K, 3% used [0x00000000c1c00000,0x00000000c1da2970,0x00000000c4700000)
 Metaspace       used 7056K, capacity 7168K, committed 7296K, reserved 1056768K
  class space    used 832K, capacity 864K, committed 896K, reserved 1048576K
}
Event: 2.634 GC heap before
{Heap before GC invocations=8 (full 0):
 PSYoungGen      total 133632K, used 131692K [0x00000000eb400000, 0x00000000fba00000, 0x0000000100000000)
  eden space 131072K, 100% used [0x00000000eb400000,0x00000000f3400000,0x00000000f3400000)
  from space 2560K, 24% used [0x00000000f3400000,0x00000000f349b050,0x00000000f3680000)
  to   space 3072K, 0% used [0x00000000fb700000,0x00000000fb700000,0x00000000fba00000)
 ParOldGen       total 44032K, used 1674K [0x00000000c1c00000, 0x00000000c4700000, 0x00000000eb400000)
  object space 44032K, 3% used [0x00000000c1c00000,0x00000000c1da2970,0x00000000c4700000)
 Metaspace       used 8323K, capacity 8466K, committed 8576K, reserved 1056768K
  class space    used 1018K, capacity 1059K, committed 1152K, reserved 1048576K
Event: 2.639 GC heap after
Heap after GC invocations=8 (full 0):
 PSYoungGen      total 265216K, used 412K [0x00000000eb400000, 0x00000000fba00000, 0x0000000100000000)
  eden space 262144K, 0% used [0x00000000eb400000,0x00000000eb400000,0x00000000fb400000)
  from space 3072K, 13% used [0x00000000fb700000,0x00000000fb767010,0x00000000fba00000)
  to   space 3072K, 0% used [0x00000000fb400000,0x00000000fb400000,0x00000000fb700000)
 ParOldGen       total 44032K, used 1846K [0x00000000c1c00000, 0x00000000c4700000, 0x00000000eb400000)
  object space 44032K, 4% used [0x00000000c1c00000,0x00000000c1dcd980,0x00000000c4700000)
 Metaspace       used 8323K, capacity 8466K, committed 8576K, reserved 1056768K
  class space    used 1018K, capacity 1059K, committed 1152K, reserved 1048576K
}

Deoptimization events (3 events):
Event: 0.713 Thread 0x0000000002a00800 Uncommon trap: reason=unloaded action=reinterpret pc=0x0000000002cc6410 method=Tanks.TankBasic.positionValide(LPrincipal/Position;)Z @ 40
Event: 0.714 Thread 0x0000000002a00800 Uncommon trap: reason=unloaded action=reinterpret pc=0x0000000002cbd104 method=Tanks.TankBasic.positionValide(LPrincipal/Position;)Z @ 40
Event: 2.498 Thread 0x0000000002a00800 Uncommon trap: reason=unloaded action=reinterpret pc=0x0000000002ce6b9c method=Tanks.TankBasic.positionValide(LPrincipal/Position;)Z @ 79

Internal exceptions (10 events):
Event: 0.373 Thread 0x0000000002a00800 Exception <a 'java/security/PrivilegedActionException'> (0x00000000eb5f9dc8) thrown at [D:\re\workspace\8-2-build-windows-amd64-cygwin\jdk8u25\1677\hotspot\src\share\vm\prims\jvm.cpp, line 1312]
Event: 0.387 Thread 0x0000000002a00800 Exception <a 'java/security/PrivilegedActionException'> (0x00000000eb637810) thrown at [D:\re\workspace\8-2-build-windows-amd64-cygwin\jdk8u25\1677\hotspot\src\share\vm\prims\jvm.cpp, line 1312]
Event: 2.498 Thread 0x0000000002a00800 Exception <a 'java/security/PrivilegedActionException'> (0x00000000f2b982a0) thrown at [D:\re\workspace\8-2-build-windows-amd64-cygwin\jdk8u25\1677\hotspot\src\share\vm\prims\jvm.cpp, line 1312]
Event: 2.498 Thread 0x0000000002a00800 Exception <a 'java/security/PrivilegedActionException'> (0x00000000f2b9a078) thrown at [D:\re\workspace\8-2-build-windows-amd64-cygwin\jdk8u25\1677\hotspot\src\share\vm\prims\jvm.cpp, line 1312]
Event: 2.499 Thread 0x0000000002a00800 Exception <a 'java/security/PrivilegedActionException'> (0x00000000f2b9c310) thrown at [D:\re\workspace\8-2-build-windows-amd64-cygwin\jdk8u25\1677\hotspot\src\share\vm\prims\jvm.cpp, line 1312]
Event: 2.499 Thread 0x0000000002a00800 Exception <a 'java/security/PrivilegedActionException'> (0x00000000f2b9e0c0) thrown at [D:\re\workspace\8-2-build-windows-amd64-cygwin\jdk8u25\1677\hotspot\src\share\vm\prims\jvm.cpp, line 1312]
Event: 2.499 Thread 0x0000000002a00800 Exception <a 'java/security/PrivilegedActionException'> (0x00000000f2ba03c0) thrown at [D:\re\workspace\8-2-build-windows-amd64-cygwin\jdk8u25\1677\hotspot\src\share\vm\prims\jvm.cpp, line 1312]
Event: 3.191 Thread 0x000000001a9be800 Exception <a 'java/security/PrivilegedActionException'> (0x00000000ebfeb7d8) thrown at [D:\re\workspace\8-2-build-windows-amd64-cygwin\jdk8u25\1677\hotspot\src\share\vm\prims\jvm.cpp, line 1312]
Event: 3.863 Thread 0x000000001a9be800 Exception <a 'java/security/PrivilegedActionException'> (0x00000000ec007760) thrown at [D:\re\workspace\8-2-build-windows-amd64-cygwin\jdk8u25\1677\hotspot\src\share\vm\prims\jvm.cpp, line 1312]
Event: 3.864 Thread 0x000000001a9be800 Exception <a 'java/security/PrivilegedActionException'> (0x00000000ec009340) thrown at [D:\re\workspace\8-2-build-windows-amd64-cygwin\jdk8u25\1677\hotspot\src\share\vm\prims\jvm.cpp, line 1312]

Events (10 events):
Event: 3.882 loading class java/text/AttributedString$AttributedStringIterator
Event: 3.882 loading class java/text/AttributedCharacterIterator
Event: 3.882 loading class java/text/CharacterIterator
Event: 3.882 loading class java/text/CharacterIterator done
Event: 3.882 loading class java/text/AttributedCharacterIterator done
Event: 3.882 loading class java/text/AttributedString$AttributedStringIterator done
Event: 4.085 Executing VM operation: EnableBiasedLocking
Event: 4.085 Executing VM operation: EnableBiasedLocking done
Event: 4.128 loading class sun/awt/windows/WComponentPeer$1
Event: 4.128 loading class sun/awt/windows/WComponentPeer$1 done


Dynamic libraries:
0x00007ff7c3560000 - 0x00007ff7c3594000 	C:\Program Files\Java\jre1.8.0_25\bin\javaw.exe
0x00007ffb95820000 - 0x00007ffb959cc000 	C:\Windows\SYSTEM32\ntdll.dll
0x00007ffb94f80000 - 0x00007ffb950be000 	C:\Windows\system32\KERNEL32.DLL
0x00007ffb92aa0000 - 0x00007ffb92bb5000 	C:\Windows\system32\KERNELBASE.dll
0x00007ffb914f0000 - 0x00007ffb9157e000 	C:\Windows\system32\apphelp.dll
0x00007ffb83930000 - 0x00007ffb83983000 	C:\Windows\AppPatch\AppPatch64\AcGenral.DLL
0x00007ffb932a0000 - 0x00007ffb9334a000 	C:\Windows\system32\msvcrt.dll
0x00007ffb92740000 - 0x00007ffb9276e000 	C:\Windows\SYSTEM32\SspiCli.dll
0x00007ffb92fe0000 - 0x00007ffb93034000 	C:\Windows\system32\SHLWAPI.dll
0x00007ffb95390000 - 0x00007ffb95507000 	C:\Windows\system32\USER32.dll
0x00007ffb94870000 - 0x00007ffb94a04000 	C:\Windows\system32\ole32.dll
0x00007ffb93350000 - 0x00007ffb94868000 	C:\Windows\system32\SHELL32.dll
0x00007ffb91f10000 - 0x00007ffb91f31000 	C:\Windows\SYSTEM32\USERENV.dll
0x00007ffb94b50000 - 0x00007ffb94bfa000 	C:\Windows\system32\ADVAPI32.dll
0x00007ffb8acd0000 - 0x00007ffb8acee000 	C:\Windows\SYSTEM32\MPR.dll
0x00007ffb94e30000 - 0x00007ffb94f71000 	C:\Windows\system32\RPCRT4.dll
0x00007ffb94a20000 - 0x00007ffb94a79000 	C:\Windows\SYSTEM32\sechost.dll
0x00007ffb93080000 - 0x00007ffb93291000 	C:\Windows\SYSTEM32\combase.dll
0x00007ffb956c0000 - 0x00007ffb95811000 	C:\Windows\system32\GDI32.dll
0x00007ffb92970000 - 0x00007ffb92985000 	C:\Windows\SYSTEM32\profapi.dll
0x00007ffb90f20000 - 0x00007ffb90fd2000 	C:\Windows\SYSTEM32\SHCORE.dll
0x00007ffb93040000 - 0x00007ffb93076000 	C:\Windows\system32\IMM32.DLL
0x00007ffb94c10000 - 0x00007ffb94d62000 	C:\Windows\system32\MSCTF.dll
0x00007ffb8e770000 - 0x00007ffb8e9eb000 	C:\Windows\WinSxS\amd64_microsoft.windows.common-controls_6595b64144ccf1df_6.0.9600.17784_none_624760d1ecb7236e\COMCTL32.dll
0x000000005d630000 - 0x000000005d702000 	C:\Program Files\Java\jre1.8.0_25\bin\msvcr100.dll
0x000000005d880000 - 0x000000005e0da000 	C:\Program Files\Java\jre1.8.0_25\bin\server\jvm.dll
0x00007ffb8d2c0000 - 0x00007ffb8d2c9000 	C:\Windows\SYSTEM32\WSOCK32.dll
0x00007ffb8ef30000 - 0x00007ffb8ef52000 	C:\Windows\SYSTEM32\WINMM.dll
0x00007ffb94c00000 - 0x00007ffb94c07000 	C:\Windows\system32\PSAPI.DLL
0x00007ffb94a80000 - 0x00007ffb94ada000 	C:\Windows\system32\WS2_32.dll
0x00007ffb8e440000 - 0x00007ffb8e46a000 	C:\Windows\SYSTEM32\WINMMBASE.dll
0x00007ffb952a0000 - 0x00007ffb952a9000 	C:\Windows\system32\NSI.dll
0x00007ffb92bc0000 - 0x00007ffb92c0f000 	C:\Windows\SYSTEM32\cfgmgr32.dll
0x00007ffb91780000 - 0x00007ffb917a8000 	C:\Windows\SYSTEM32\DEVOBJ.dll
0x000000005e490000 - 0x000000005e49f000 	C:\Program Files\Java\jre1.8.0_25\bin\verify.dll
0x000000005e460000 - 0x000000005e488000 	C:\Program Files\Java\jre1.8.0_25\bin\java.dll
0x000000005e440000 - 0x000000005e456000 	C:\Program Files\Java\jre1.8.0_25\bin\zip.dll
0x000000005d490000 - 0x000000005d628000 	C:\Program Files\Java\jre1.8.0_25\bin\awt.dll
0x00007ffb92eb0000 - 0x00007ffb92f71000 	C:\Windows\system32\OLEAUT32.dll
0x00007ffb90d20000 - 0x00007ffb90d41000 	C:\Windows\system32\DWMAPI.DLL
0x00007ffb915e0000 - 0x00007ffb91709000 	C:\Windows\system32\uxtheme.dll
0x00007ffb917b0000 - 0x00007ffb917bb000 	C:\Windows\SYSTEM32\kernel.appcore.dll
0x00007ffb927e0000 - 0x00007ffb927eb000 	C:\Windows\SYSTEM32\CRYPTBASE.dll
0x00007ffb92770000 - 0x00007ffb927d3000 	C:\Windows\SYSTEM32\bcryptPrimitives.dll
0x00007ffb879b0000 - 0x00007ffb87bd1000 	C:\Windows\system32\d3d9.dll
0x00007ffb906f0000 - 0x00007ffb906fa000 	C:\Windows\SYSTEM32\VERSION.dll
0x00007ffb70580000 - 0x00007ffb71c86000 	C:\Windows\SYSTEM32\igdumdim64.dll
0x00007ffb8f0a0000 - 0x00007ffb8fa37000 	C:\Windows\SYSTEM32\igdusc64.dll
0x000000005d440000 - 0x000000005d487000 	C:\Program Files\Java\jre1.8.0_25\bin\fontmanager.dll
0x000000005e420000 - 0x000000005e43a000 	C:\Program Files\Java\jre1.8.0_25\bin\net.dll
0x00007ffb92180000 - 0x00007ffb921d9000 	C:\Windows\system32\mswsock.dll
0x000000005e400000 - 0x000000005e411000 	C:\Program Files\Java\jre1.8.0_25\bin\nio.dll
0x000000005d3f0000 - 0x000000005d431000 	C:\Program Files\Java\jre1.8.0_25\bin\t2k.dll

VM Arguments:
jvm_args: -Dfile.encoding=Cp1252 
java_command: Principal.CharDAssaut
java_class_path (initial): C:\Users\Clement\Documents\Informatique\Java\workspace\Tank-en-Java-2\bin
Launcher Type: SUN_STANDARD

Environment Variables:
PATH=C:/Program Files/Java/jre1.8.0_25/bin/server;C:/Program Files/Java/jre1.8.0_25/bin;C:/Program Files/Java/jre1.8.0_25/lib/amd64;C:\Program Files (x86)\NVIDIA Corporation\PhysX\Common;C:\ProgramData\Oracle\Java\javapath;C:\Windows\system32;C:\Windows;C:\Windows\System32\Wbem;C:\Windows\System32\WindowsPowerShell\v1.0\;"C:\Program Files\Java\jre1.8.0_25\bin";"C:\Program Files (x86)\DOSBox-0.74\DOSBox.exe";"C:\Program Files\TortoiseGit\bin";"C:\Program Files (x86)\Git\cmd";C:\Program Files\TortoiseGit\bin;C:\Program Files\Microsoft\Web Platform Installer\;C:\Program Files\Microsoft SQL Server\110\Tools\Binn\;C:\Program Files\MikTeX\miktex\bin\x64\;C:\Users\Clement\Documents\Informatique\Java;
USERNAME=Clement
OS=Windows_NT
PROCESSOR_IDENTIFIER=Intel64 Family 6 Model 60 Stepping 3, GenuineIntel



---------------  S Y S T E M  ---------------

OS: Windows 8.1 , 64 bit Build 9600 

CPU:total 8 (4 cores per cpu, 2 threads per core) family 6 model 60 stepping 3, cmov, cx8, fxsr, mmx, sse, sse2, sse3, ssse3, sse4.1, sse4.2, popcnt, avx, avx2, aes, clmul, erms, lzcnt, ht, tsc, tscinvbit, bmi1, bmi2

Memory: 4k page, physical 4074504k(258256k free), swap 7220232k(4576k free)

vm_info: Java HotSpot(TM) 64-Bit Server VM (25.25-b02) for windows-amd64 JRE (1.8.0_25-b18), built on Oct  7 2014 14:25:37 by "java_re" with MS VC++ 10.0 (VS2010)

time: Sat Jun 06 23:33:36 2015
elapsed time: 14 seconds (0d 0h 0m 14s)

